<?xml version="1.0" encoding="UTF-8"?>
<!-- Generated by org.testng.reporters.JUnitXMLReporter -->
<testsuite hostname="Yongs-MacBook-Pro.local" ignored="0" name="Application Test" tests="4" failures="0" timestamp="13 Jun 2018 02:08:41 GMT" time="0.01" errors="0">
  <testcase name="testMethod1" time="0.0" classname="testclasses.Mama_TestClass"/>
  <testcase name="testMethod2" time="0.001" classname="testclasses.Mama_TestClass"/>
  <testcase name="testMethod1" time="0.0" classname="testclasses.TestNG_TestClass2"/>
  <testcase name="testMethod2" time="0.001" classname="testclasses.TestNG_TestClass2"/>
</testsuite> <!-- Application Test -->
